AsT (first write only, no t):
  Warp 0 : 
 lane=0 bank=0
 lane=1 bank=16
 lane=2 bank=0
 lane=3 bank=16
 lane=4 bank=1
 lane=5 bank=17
 lane=6 bank=1
 lane=7 bank=17
 lane=8 bank=2
 lane=9 bank=18
 lane=10 bank=2
 lane=11 bank=18
 lane=12 bank=3
 lane=13 bank=19
 lane=14 bank=3
 lane=15 bank=19
 lane=16 bank=4
 lane=17 bank=20
 lane=18 bank=4
 lane=19 bank=20
 lane=20 bank=5
 lane=21 bank=21
 lane=22 bank=5
 lane=23 bank=21
 lane=24 bank=6
 lane=25 bank=22
 lane=26 bank=6
 lane=27 bank=22
 lane=28 bank=7
 lane=29 bank=23
 lane=30 bank=7
 lane=31 bank=23
distinct banks = 16
  Warp 1 : 
 lane=0 bank=8
 lane=1 bank=24
 lane=2 bank=8
 lane=3 bank=24
 lane=4 bank=9
 lane=5 bank=25
 lane=6 bank=9
 lane=7 bank=25
 lane=8 bank=10
 lane=9 bank=26
 lane=10 bank=10
 lane=11 bank=26
 lane=12 bank=11
 lane=13 bank=27
 lane=14 bank=11
 lane=15 bank=27
 lane=16 bank=12
 lane=17 bank=28
 lane=18 bank=12
 lane=19 bank=28
 lane=20 bank=13
 lane=21 bank=29
 lane=22 bank=13
 lane=23 bank=29
 lane=24 bank=14
 lane=25 bank=30
 lane=26 bank=14
 lane=27 bank=30
 lane=28 bank=15
 lane=29 bank=31
 lane=30 bank=15
 lane=31 bank=31
distinct banks = 16
  Warp 2 : 
 lane=0 bank=16
 lane=1 bank=0
 lane=2 bank=16
 lane=3 bank=0
 lane=4 bank=17
 lane=5 bank=1
 lane=6 bank=17
 lane=7 bank=1
 lane=8 bank=18
 lane=9 bank=2
 lane=10 bank=18
 lane=11 bank=2
 lane=12 bank=19
 lane=13 bank=3
 lane=14 bank=19
 lane=15 bank=3
 lane=16 bank=20
 lane=17 bank=4
 lane=18 bank=20
 lane=19 bank=4
 lane=20 bank=21
 lane=21 bank=5
 lane=22 bank=21
 lane=23 bank=5
 lane=24 bank=22
 lane=25 bank=6
 lane=26 bank=22
 lane=27 bank=6
 lane=28 bank=23
 lane=29 bank=7
 lane=30 bank=23
 lane=31 bank=7
distinct banks = 16
  Warp 3 : 
 lane=0 bank=24
 lane=1 bank=8
 lane=2 bank=24
 lane=3 bank=8
 lane=4 bank=25
 lane=5 bank=9
 lane=6 bank=25
 lane=7 bank=9
 lane=8 bank=26
 lane=9 bank=10
 lane=10 bank=26
 lane=11 bank=10
 lane=12 bank=27
 lane=13 bank=11
 lane=14 bank=27
 lane=15 bank=11
 lane=16 bank=28
 lane=17 bank=12
 lane=18 bank=28
 lane=19 bank=12
 lane=20 bank=29
 lane=21 bank=13
 lane=22 bank=29
 lane=23 bank=13
 lane=24 bank=30
 lane=25 bank=14
 lane=26 bank=30
 lane=27 bank=14
 lane=28 bank=31
 lane=29 bank=15
 lane=30 bank=31
 lane=31 bank=15
distinct banks = 16
Bs (first write only):
  Warp 0 : 
 lane=0 bank=0
 lane=1 bank=4
 lane=2 bank=8
 lane=3 bank=12
 lane=4 bank=16
 lane=5 bank=20
 lane=6 bank=24
 lane=7 bank=28
 lane=8 bank=0
 lane=9 bank=4
 lane=10 bank=8
 lane=11 bank=12
 lane=12 bank=16
 lane=13 bank=20
 lane=14 bank=24
 lane=15 bank=28
 lane=16 bank=0
 lane=17 bank=4
 lane=18 bank=8
 lane=19 bank=12
 lane=20 bank=16
 lane=21 bank=20
 lane=22 bank=24
 lane=23 bank=28
 lane=24 bank=0
 lane=25 bank=4
 lane=26 bank=8
 lane=27 bank=12
 lane=28 bank=16
 lane=29 bank=20
 lane=30 bank=24
 lane=31 bank=28
distinct banks = 8
  Warp 1 : 
 lane=0 bank=4
 lane=1 bank=8
 lane=2 bank=12
 lane=3 bank=16
 lane=4 bank=20
 lane=5 bank=24
 lane=6 bank=28
 lane=7 bank=0
 lane=8 bank=4
 lane=9 bank=8
 lane=10 bank=12
 lane=11 bank=16
 lane=12 bank=20
 lane=13 bank=24
 lane=14 bank=28
 lane=15 bank=0
 lane=16 bank=4
 lane=17 bank=8
 lane=18 bank=12
 lane=19 bank=16
 lane=20 bank=20
 lane=21 bank=24
 lane=22 bank=28
 lane=23 bank=0
 lane=24 bank=4
 lane=25 bank=8
 lane=26 bank=12
 lane=27 bank=16
 lane=28 bank=20
 lane=29 bank=24
 lane=30 bank=28
 lane=31 bank=0
distinct banks = 8
  Warp 2 : 
 lane=0 bank=8
 lane=1 bank=12
 lane=2 bank=16
 lane=3 bank=20
 lane=4 bank=24
 lane=5 bank=28
 lane=6 bank=0
 lane=7 bank=4
 lane=8 bank=8
 lane=9 bank=12
 lane=10 bank=16
 lane=11 bank=20
 lane=12 bank=24
 lane=13 bank=28
 lane=14 bank=0
 lane=15 bank=4
 lane=16 bank=8
 lane=17 bank=12
 lane=18 bank=16
 lane=19 bank=20
 lane=20 bank=24
 lane=21 bank=28
 lane=22 bank=0
 lane=23 bank=4
 lane=24 bank=8
 lane=25 bank=12
 lane=26 bank=16
 lane=27 bank=20
 lane=28 bank=24
 lane=29 bank=28
 lane=30 bank=0
 lane=31 bank=4
distinct banks = 8
  Warp 3 : 
 lane=0 bank=12
 lane=1 bank=16
 lane=2 bank=20
 lane=3 bank=24
 lane=4 bank=28
 lane=5 bank=0
 lane=6 bank=4
 lane=7 bank=8
 lane=8 bank=12
 lane=9 bank=16
 lane=10 bank=20
 lane=11 bank=24
 lane=12 bank=28
 lane=13 bank=0
 lane=14 bank=4
 lane=15 bank=8
 lane=16 bank=12
 lane=17 bank=16
 lane=18 bank=20
 lane=19 bank=24
 lane=20 bank=28
 lane=21 bank=0
 lane=22 bank=4
 lane=23 bank=8
 lane=24 bank=12
 lane=25 bank=16
 lane=26 bank=20
 lane=27 bank=24
 lane=28 bank=28
 lane=29 bank=0
 lane=30 bank=4
 lane=31 bank=8
distinct banks = 8
